[0.508s] Invoking command in '/home/namitha/ros2_ws/src/my_robo1_py_pkg': PYTHONPATH=/home/namitha/ros2_ws/src/my_robo1_py_pkg/build/my_robo1_py_pkg/prefix_override:/usr/lib/python3/dist-packages/colcon_core/task/python/colcon_distutils_commands:/home/namitha/ros2_ws/src/my_robo1_py_pkg/install/my_robo1_py_pkg/lib/python3.10/site-packages:${PYTHONPATH} /usr/bin/python3 -W ignore:setup.py install is deprecated -W ignore:easy_install command is deprecated setup.py egg_info --egg-base build/my_robo1_py_pkg build --build-base /home/namitha/ros2_ws/src/my_robo1_py_pkg/build/my_robo1_py_pkg/build install --record /home/namitha/ros2_ws/src/my_robo1_py_pkg/build/my_robo1_py_pkg/install.log --single-version-externally-managed install_data
[0.710s] running egg_info
[0.710s] creating build/my_robo1_py_pkg/my_robo1_py_pkg.egg-info
[0.710s] writing build/my_robo1_py_pkg/my_robo1_py_pkg.egg-info/PKG-INFO
[0.710s] writing dependency_links to build/my_robo1_py_pkg/my_robo1_py_pkg.egg-info/dependency_links.txt
[0.710s] writing entry points to build/my_robo1_py_pkg/my_robo1_py_pkg.egg-info/entry_points.txt
[0.711s] writing requirements to build/my_robo1_py_pkg/my_robo1_py_pkg.egg-info/requires.txt
[0.711s] writing top-level names to build/my_robo1_py_pkg/my_robo1_py_pkg.egg-info/top_level.txt
[0.711s] writing manifest file 'build/my_robo1_py_pkg/my_robo1_py_pkg.egg-info/SOURCES.txt'
[0.711s] reading manifest file 'build/my_robo1_py_pkg/my_robo1_py_pkg.egg-info/SOURCES.txt'
[0.712s] writing manifest file 'build/my_robo1_py_pkg/my_robo1_py_pkg.egg-info/SOURCES.txt'
[0.712s] running build
[0.712s] running build_py
[0.712s] creating /home/namitha/ros2_ws/src/my_robo1_py_pkg/build/my_robo1_py_pkg/build
[0.712s] creating /home/namitha/ros2_ws/src/my_robo1_py_pkg/build/my_robo1_py_pkg/build/lib
[0.712s] creating /home/namitha/ros2_ws/src/my_robo1_py_pkg/build/my_robo1_py_pkg/build/lib/my_robo1_py_pkg
[0.712s] copying my_robo1_py_pkg/test_path.py -> /home/namitha/ros2_ws/src/my_robo1_py_pkg/build/my_robo1_py_pkg/build/lib/my_robo1_py_pkg
[0.712s] copying my_robo1_py_pkg/__init__.py -> /home/namitha/ros2_ws/src/my_robo1_py_pkg/build/my_robo1_py_pkg/build/lib/my_robo1_py_pkg
[0.712s] running install
[0.712s] running install_lib
[0.713s] creating /home/namitha/ros2_ws/src/my_robo1_py_pkg/install/my_robo1_py_pkg/lib/python3.10/site-packages/my_robo1_py_pkg
[0.713s] copying /home/namitha/ros2_ws/src/my_robo1_py_pkg/build/my_robo1_py_pkg/build/lib/my_robo1_py_pkg/test_path.py -> /home/namitha/ros2_ws/src/my_robo1_py_pkg/install/my_robo1_py_pkg/lib/python3.10/site-packages/my_robo1_py_pkg
[0.713s] copying /home/namitha/ros2_ws/src/my_robo1_py_pkg/build/my_robo1_py_pkg/build/lib/my_robo1_py_pkg/__init__.py -> /home/namitha/ros2_ws/src/my_robo1_py_pkg/install/my_robo1_py_pkg/lib/python3.10/site-packages/my_robo1_py_pkg
[0.713s] byte-compiling /home/namitha/ros2_ws/src/my_robo1_py_pkg/install/my_robo1_py_pkg/lib/python3.10/site-packages/my_robo1_py_pkg/test_path.py to test_path.cpython-310.pyc
[0.713s] byte-compiling /home/namitha/ros2_ws/src/my_robo1_py_pkg/install/my_robo1_py_pkg/lib/python3.10/site-packages/my_robo1_py_pkg/__init__.py to __init__.cpython-310.pyc
[0.713s] running install_data
[0.713s] creating /home/namitha/ros2_ws/src/my_robo1_py_pkg/install/my_robo1_py_pkg/share/ament_index
[0.713s] creating /home/namitha/ros2_ws/src/my_robo1_py_pkg/install/my_robo1_py_pkg/share/ament_index/resource_index
[0.713s] creating /home/namitha/ros2_ws/src/my_robo1_py_pkg/install/my_robo1_py_pkg/share/ament_index/resource_index/packages
[0.714s] copying resource/my_robo1_py_pkg -> /home/namitha/ros2_ws/src/my_robo1_py_pkg/install/my_robo1_py_pkg/share/ament_index/resource_index/packages
[0.714s] copying package.xml -> /home/namitha/ros2_ws/src/my_robo1_py_pkg/install/my_robo1_py_pkg/share/my_robo1_py_pkg
[0.714s] creating /home/namitha/ros2_ws/src/my_robo1_py_pkg/install/my_robo1_py_pkg/share/my_robo1_py_pkg/launch
[0.714s] copying launch/gazebo.launch.py -> /home/namitha/ros2_ws/src/my_robo1_py_pkg/install/my_robo1_py_pkg/share/my_robo1_py_pkg/launch
[0.714s] copying launch/my_robo1.launch.py -> /home/namitha/ros2_ws/src/my_robo1_py_pkg/install/my_robo1_py_pkg/share/my_robo1_py_pkg/launch
[0.714s] creating /home/namitha/ros2_ws/src/my_robo1_py_pkg/install/my_robo1_py_pkg/share/my_robo1_py_pkg/urdf
[0.714s] copying urdf/my_robo1.urdf.xacro -> /home/namitha/ros2_ws/src/my_robo1_py_pkg/install/my_robo1_py_pkg/share/my_robo1_py_pkg/urdf
[0.714s] creating /home/namitha/ros2_ws/src/my_robo1_py_pkg/install/my_robo1_py_pkg/share/my_robo1_py_pkg/rviz
[0.714s] creating /home/namitha/ros2_ws/src/my_robo1_py_pkg/install/my_robo1_py_pkg/share/my_robo1_py_pkg/worlds
[0.714s] copying worlds/my_gazebo.world -> /home/namitha/ros2_ws/src/my_robo1_py_pkg/install/my_robo1_py_pkg/share/my_robo1_py_pkg/worlds
[0.714s] running install_egg_info
[0.715s] Copying build/my_robo1_py_pkg/my_robo1_py_pkg.egg-info to /home/namitha/ros2_ws/src/my_robo1_py_pkg/install/my_robo1_py_pkg/lib/python3.10/site-packages/my_robo1_py_pkg-0.0.0-py3.10.egg-info
[0.715s] running install_scripts
[0.722s] Installing test_path script to /home/namitha/ros2_ws/src/my_robo1_py_pkg/install/my_robo1_py_pkg/lib/my_robo1_py_pkg
[0.722s] writing list of installed files to '/home/namitha/ros2_ws/src/my_robo1_py_pkg/build/my_robo1_py_pkg/install.log'
[0.752s] Invoked command in '/home/namitha/ros2_ws/src/my_robo1_py_pkg' returned '0': PYTHONPATH=/home/namitha/ros2_ws/src/my_robo1_py_pkg/build/my_robo1_py_pkg/prefix_override:/usr/lib/python3/dist-packages/colcon_core/task/python/colcon_distutils_commands:/home/namitha/ros2_ws/src/my_robo1_py_pkg/install/my_robo1_py_pkg/lib/python3.10/site-packages:${PYTHONPATH} /usr/bin/python3 -W ignore:setup.py install is deprecated -W ignore:easy_install command is deprecated setup.py egg_info --egg-base build/my_robo1_py_pkg build --build-base /home/namitha/ros2_ws/src/my_robo1_py_pkg/build/my_robo1_py_pkg/build install --record /home/namitha/ros2_ws/src/my_robo1_py_pkg/build/my_robo1_py_pkg/install.log --single-version-externally-managed install_data
