[0.343s] Invoking command in '/home/namitha/ros2_ws/src/my_robo1_py_pkg': PYTHONPATH=/home/namitha/ros2_ws/src/my_robo1_py_pkg/build/my_robo1_py_pkg/prefix_override:/usr/lib/python3/dist-packages/colcon_core/task/python/colcon_distutils_commands:/home/namitha/ros2_ws/src/my_robo1_py_pkg/install/my_robo1_py_pkg/lib/python3.10/site-packages:${PYTHONPATH} /usr/bin/python3 -W ignore:setup.py install is deprecated -W ignore:easy_install command is deprecated setup.py egg_info --egg-base build/my_robo1_py_pkg build --build-base /home/namitha/ros2_ws/src/my_robo1_py_pkg/build/my_robo1_py_pkg/build install --record /home/namitha/ros2_ws/src/my_robo1_py_pkg/build/my_robo1_py_pkg/install.log --single-version-externally-managed install_data
[0.462s] running egg_info
[0.462s] writing build/my_robo1_py_pkg/my_robo1_py_pkg.egg-info/PKG-INFO
[0.463s] writing dependency_links to build/my_robo1_py_pkg/my_robo1_py_pkg.egg-info/dependency_links.txt
[0.463s] writing entry points to build/my_robo1_py_pkg/my_robo1_py_pkg.egg-info/entry_points.txt
[0.463s] writing requirements to build/my_robo1_py_pkg/my_robo1_py_pkg.egg-info/requires.txt
[0.463s] writing top-level names to build/my_robo1_py_pkg/my_robo1_py_pkg.egg-info/top_level.txt
[0.464s] reading manifest file 'build/my_robo1_py_pkg/my_robo1_py_pkg.egg-info/SOURCES.txt'
[0.464s] writing manifest file 'build/my_robo1_py_pkg/my_robo1_py_pkg.egg-info/SOURCES.txt'
[0.464s] running build
[0.464s] running build_py
[0.464s] running install
[0.464s] running install_lib
[0.465s] running install_data
[0.465s] copying launch/my_gazebo.launch.py -> /home/namitha/ros2_ws/src/my_robo1_py_pkg/install/my_robo1_py_pkg/share/my_robo1_py_pkg/launch
[0.465s] running install_egg_info
[0.466s] removing '/home/namitha/ros2_ws/src/my_robo1_py_pkg/install/my_robo1_py_pkg/lib/python3.10/site-packages/my_robo1_py_pkg-0.0.0-py3.10.egg-info' (and everything under it)
[0.466s] Copying build/my_robo1_py_pkg/my_robo1_py_pkg.egg-info to /home/namitha/ros2_ws/src/my_robo1_py_pkg/install/my_robo1_py_pkg/lib/python3.10/site-packages/my_robo1_py_pkg-0.0.0-py3.10.egg-info
[0.466s] running install_scripts
[0.477s] writing list of installed files to '/home/namitha/ros2_ws/src/my_robo1_py_pkg/build/my_robo1_py_pkg/install.log'
[0.491s] Invoked command in '/home/namitha/ros2_ws/src/my_robo1_py_pkg' returned '0': PYTHONPATH=/home/namitha/ros2_ws/src/my_robo1_py_pkg/build/my_robo1_py_pkg/prefix_override:/usr/lib/python3/dist-packages/colcon_core/task/python/colcon_distutils_commands:/home/namitha/ros2_ws/src/my_robo1_py_pkg/install/my_robo1_py_pkg/lib/python3.10/site-packages:${PYTHONPATH} /usr/bin/python3 -W ignore:setup.py install is deprecated -W ignore:easy_install command is deprecated setup.py egg_info --egg-base build/my_robo1_py_pkg build --build-base /home/namitha/ros2_ws/src/my_robo1_py_pkg/build/my_robo1_py_pkg/build install --record /home/namitha/ros2_ws/src/my_robo1_py_pkg/build/my_robo1_py_pkg/install.log --single-version-externally-managed install_data
