running egg_info
creating ../build/my_robo1_py_pkg/my_robo1_py_pkg.egg-info
writing ../build/my_robo1_py_pkg/my_robo1_py_pkg.egg-info/PKG-INFO
writing dependency_links to ../build/my_robo1_py_pkg/my_robo1_py_pkg.egg-info/dependency_links.txt
writing entry points to ../build/my_robo1_py_pkg/my_robo1_py_pkg.egg-info/entry_points.txt
writing requirements to ../build/my_robo1_py_pkg/my_robo1_py_pkg.egg-info/requires.txt
writing top-level names to ../build/my_robo1_py_pkg/my_robo1_py_pkg.egg-info/top_level.txt
writing manifest file '../build/my_robo1_py_pkg/my_robo1_py_pkg.egg-info/SOURCES.txt'
reading manifest file '../build/my_robo1_py_pkg/my_robo1_py_pkg.egg-info/SOURCES.txt'
writing manifest file '../build/my_robo1_py_pkg/my_robo1_py_pkg.egg-info/SOURCES.txt'
running build
running build_py
creating /home/namitha/ros2_ws/src/build/my_robo1_py_pkg/build
creating /home/namitha/ros2_ws/src/build/my_robo1_py_pkg/build/lib
creating /home/namitha/ros2_ws/src/build/my_robo1_py_pkg/build/lib/my_robo1_py_pkg
copying my_robo1_py_pkg/__init__.py -> /home/namitha/ros2_ws/src/build/my_robo1_py_pkg/build/lib/my_robo1_py_pkg
running install
running install_lib
creating /home/namitha/ros2_ws/src/install/my_robo1_py_pkg/lib/python3.10/site-packages/my_robo1_py_pkg
copying /home/namitha/ros2_ws/src/build/my_robo1_py_pkg/build/lib/my_robo1_py_pkg/__init__.py -> /home/namitha/ros2_ws/src/install/my_robo1_py_pkg/lib/python3.10/site-packages/my_robo1_py_pkg
byte-compiling /home/namitha/ros2_ws/src/install/my_robo1_py_pkg/lib/python3.10/site-packages/my_robo1_py_pkg/__init__.py to __init__.cpython-310.pyc
running install_data
creating /home/namitha/ros2_ws/src/install/my_robo1_py_pkg/share/ament_index
creating /home/namitha/ros2_ws/src/install/my_robo1_py_pkg/share/ament_index/resource_index
creating /home/namitha/ros2_ws/src/install/my_robo1_py_pkg/share/ament_index/resource_index/packages
copying resource/my_robo1_py_pkg -> /home/namitha/ros2_ws/src/install/my_robo1_py_pkg/share/ament_index/resource_index/packages
copying package.xml -> /home/namitha/ros2_ws/src/install/my_robo1_py_pkg/share/my_robo1_py_pkg
creating /home/namitha/ros2_ws/src/install/my_robo1_py_pkg/share/my_robo1_py_pkg/launch
copying launch/my_robo1.launch.py -> /home/namitha/ros2_ws/src/install/my_robo1_py_pkg/share/my_robo1_py_pkg/launch
creating /home/namitha/ros2_ws/src/install/my_robo1_py_pkg/share/my_robo1_py_pkg/urdf
copying urdf/my_robo1.urdf.xacro -> /home/namitha/ros2_ws/src/install/my_robo1_py_pkg/share/my_robo1_py_pkg/urdf
running install_egg_info
Copying ../build/my_robo1_py_pkg/my_robo1_py_pkg.egg-info to /home/namitha/ros2_ws/src/install/my_robo1_py_pkg/lib/python3.10/site-packages/my_robo1_py_pkg-0.0.0-py3.10.egg-info
running install_scripts
writing list of installed files to '/home/namitha/ros2_ws/src/build/my_robo1_py_pkg/install.log'
